  Source.c
c:\users\grofc\onedrive\desktop\pks 2\pks\pks z2\pks z2\source.c(77): warning C4129: ' ': unrecognized character escape sequence
c:\users\grofc\onedrive\desktop\pks 2\pks\pks z2\pks z2\source.c(356): warning C4098: 'server': 'void' function returning a value
c:\users\grofc\onedrive\desktop\pks 2\pks\pks z2\pks z2\source.c(366): warning C4098: 'server': 'void' function returning a value
c:\users\grofc\onedrive\desktop\pks 2\pks\pks z2\pks z2\source.c(377): warning C4098: 'server': 'void' function returning a value
c:\users\grofc\onedrive\desktop\pks 2\pks\pks z2\pks z2\source.c(395): warning C4098: 'server': 'void' function returning a value
c:\users\grofc\onedrive\desktop\pks 2\pks\pks z2\pks z2\source.c(412): warning C4267: 'function': conversion from 'size_t' to 'unsigned char', possible loss of data
c:\users\grofc\onedrive\desktop\pks 2\pks\pks z2\pks z2\source.c(418): warning C4267: 'function': conversion from 'size_t' to 'unsigned char', possible loss of data
c:\users\grofc\onedrive\desktop\pks 2\pks\pks z2\pks z2\source.c(434): warning C4244: 'function': conversion from 'unsigned __int64' to 'unsigned long', possible loss of data
c:\users\grofc\onedrive\desktop\pks 2\pks\pks z2\pks z2\source.c(434): warning C4244: '=': conversion from 'unsigned __int64' to 'int', possible loss of data
c:\users\grofc\onedrive\desktop\pks 2\pks\pks z2\pks z2\source.c(435): warning C4244: 'function': conversion from 'unsigned __int64' to 'unsigned long', possible loss of data
c:\users\grofc\onedrive\desktop\pks 2\pks\pks z2\pks z2\source.c(435): warning C4244: '=': conversion from 'unsigned __int64' to 'long', possible loss of data
c:\users\grofc\onedrive\desktop\pks 2\pks\pks z2\pks z2\source.c(439): warning C4267: 'function': conversion from 'size_t' to 'unsigned char', possible loss of data
c:\users\grofc\onedrive\desktop\pks 2\pks\pks z2\pks z2\source.c(449): warning C4244: 'function': conversion from 'unsigned __int64' to 'unsigned long', possible loss of data
c:\users\grofc\onedrive\desktop\pks 2\pks\pks z2\pks z2\source.c(449): warning C4477: 'printf' : format string '%d' requires an argument of type 'int', but variadic argument 1 has type 'unsigned __int64'
  c:\users\grofc\onedrive\desktop\pks 2\pks\pks z2\pks z2\source.c(449): note: consider using '%lld' in the format string
  c:\users\grofc\onedrive\desktop\pks 2\pks\pks z2\pks z2\source.c(449): note: consider using '%I64d' in the format string
c:\users\grofc\onedrive\desktop\pks 2\pks\pks z2\pks z2\source.c(450): warning C4267: 'function': conversion from 'size_t' to 'unsigned char', possible loss of data
c:\users\grofc\onedrive\desktop\pks 2\pks\pks z2\pks z2\source.c(457): warning C4244: 'function': conversion from 'unsigned __int64' to 'unsigned long', possible loss of data
c:\users\grofc\onedrive\desktop\pks 2\pks\pks z2\pks z2\source.c(457): warning C4477: 'printf' : format string '%d' requires an argument of type 'int', but variadic argument 1 has type 'unsigned __int64'
  c:\users\grofc\onedrive\desktop\pks 2\pks\pks z2\pks z2\source.c(457): note: consider using '%lld' in the format string
  c:\users\grofc\onedrive\desktop\pks 2\pks\pks z2\pks z2\source.c(457): note: consider using '%I64d' in the format string
c:\users\grofc\onedrive\desktop\pks 2\pks\pks z2\pks z2\source.c(458): warning C4267: 'function': conversion from 'size_t' to 'unsigned char', possible loss of data
c:\users\grofc\onedrive\desktop\pks 2\pks\pks z2\pks z2\source.c(473): warning C4244: 'function': conversion from 'unsigned __int64' to 'unsigned long', possible loss of data
c:\users\grofc\onedrive\desktop\pks 2\pks\pks z2\pks z2\source.c(473): warning C4244: '=': conversion from 'unsigned __int64' to 'int', possible loss of data
c:\users\grofc\onedrive\desktop\pks 2\pks\pks z2\pks z2\source.c(474): warning C4244: 'function': conversion from 'unsigned __int64' to 'unsigned long', possible loss of data
c:\users\grofc\onedrive\desktop\pks 2\pks\pks z2\pks z2\source.c(474): warning C4244: '=': conversion from 'unsigned __int64' to 'long', possible loss of data
c:\users\grofc\onedrive\desktop\pks 2\pks\pks z2\pks z2\source.c(513): warning C4244: 'function': conversion from 'unsigned __int64' to 'unsigned long', possible loss of data
c:\users\grofc\onedrive\desktop\pks 2\pks\pks z2\pks z2\source.c(527): warning C4267: 'function': conversion from 'size_t' to 'unsigned char', possible loss of data
c:\users\grofc\onedrive\desktop\pks 2\pks\pks z2\pks z2\source.c(539): warning C4098: 'server': 'void' function returning a value
c:\users\grofc\onedrive\desktop\pks 2\pks\pks z2\pks z2\source.c(543): warning C4244: 'function': conversion from 'unsigned __int64' to 'unsigned long', possible loss of data
c:\users\grofc\onedrive\desktop\pks 2\pks\pks z2\pks z2\source.c(551): warning C4267: 'function': conversion from 'size_t' to 'unsigned char', possible loss of data
c:\users\grofc\onedrive\desktop\pks 2\pks\pks z2\pks z2\source.c(569): warning C4267: 'function': conversion from 'size_t' to 'unsigned char', possible loss of data
c:\users\grofc\onedrive\desktop\pks 2\pks\pks z2\pks z2\source.c(638): warning C4098: 'server': 'void' function returning a value
c:\users\grofc\onedrive\desktop\pks 2\pks\pks z2\pks z2\source.c(649): warning C4267: 'function': conversion from 'size_t' to 'unsigned char', possible loss of data
c:\users\grofc\onedrive\desktop\pks 2\pks\pks z2\pks z2\source.c(652): warning C4267: 'function': conversion from 'size_t' to 'unsigned char', possible loss of data
c:\users\grofc\onedrive\desktop\pks 2\pks\pks z2\pks z2\source.c(659): warning C4267: 'function': conversion from 'size_t' to 'unsigned char', possible loss of data
c:\users\grofc\onedrive\desktop\pks 2\pks\pks z2\pks z2\source.c(513): warning C4244: 'initializing': conversion from 'unsigned __int64' to 'int', possible loss of data
c:\users\grofc\onedrive\desktop\pks 2\pks\pks z2\pks z2\source.c(543): warning C4244: 'initializing': conversion from 'unsigned __int64' to 'int', possible loss of data
c:\users\grofc\onedrive\desktop\pks 2\pks\pks z2\pks z2\source.c(336): warning C4101: 'file_size': unreferenced local variable
c:\users\grofc\onedrive\desktop\pks 2\pks\pks z2\pks z2\source.c(347): warning C4101: 'end': unreferenced local variable
c:\users\grofc\onedrive\desktop\pks 2\pks\pks z2\pks z2\source.c(347): warning C4101: 'start': unreferenced local variable
c:\users\grofc\onedrive\desktop\pks 2\pks\pks z2\pks z2\source.c(329): warning C4101: 'slen': unreferenced local variable
c:\users\grofc\onedrive\desktop\pks 2\pks\pks z2\pks z2\source.c(329): warning C4101: 'recv_len': unreferenced local variable
c:\users\grofc\onedrive\desktop\pks 2\pks\pks z2\pks z2\source.c(719): warning C4098: 'client': 'void' function returning a value
c:\users\grofc\onedrive\desktop\pks 2\pks\pks z2\pks z2\source.c(749): warning C4098: 'client': 'void' function returning a value
c:\users\grofc\onedrive\desktop\pks 2\pks\pks z2\pks z2\source.c(765): warning C4098: 'client': 'void' function returning a value
c:\users\grofc\onedrive\desktop\pks 2\pks\pks z2\pks z2\source.c(774): warning C4098: 'client': 'void' function returning a value
c:\users\grofc\onedrive\desktop\pks 2\pks\pks z2\pks z2\source.c(815): warning C4267: 'function': conversion from 'size_t' to 'unsigned char', possible loss of data
c:\users\grofc\onedrive\desktop\pks 2\pks\pks z2\pks z2\source.c(830): warning C4098: 'client': 'void' function returning a value
c:\users\grofc\onedrive\desktop\pks 2\pks\pks z2\pks z2\source.c(834): warning C4267: 'function': conversion from 'size_t' to 'unsigned char', possible loss of data
c:\users\grofc\onedrive\desktop\pks 2\pks\pks z2\pks z2\source.c(889): warning C4244: 'function': conversion from 'unsigned __int64' to 'unsigned long', possible loss of data
c:\users\grofc\onedrive\desktop\pks 2\pks\pks z2\pks z2\source.c(889): warning C4477: 'printf' : format string '%d' requires an argument of type 'int', but variadic argument 1 has type 'unsigned __int64'
  c:\users\grofc\onedrive\desktop\pks 2\pks\pks z2\pks z2\source.c(889): note: consider using '%lld' in the format string
  c:\users\grofc\onedrive\desktop\pks 2\pks\pks z2\pks z2\source.c(889): note: consider using '%I64d' in the format string
c:\users\grofc\onedrive\desktop\pks 2\pks\pks z2\pks z2\source.c(890): warning C4244: 'function': conversion from 'unsigned __int64' to 'unsigned long', possible loss of data
c:\users\grofc\onedrive\desktop\pks 2\pks\pks z2\pks z2\source.c(890): warning C4477: 'printf' : format string '%d' requires an argument of type 'int', but variadic argument 1 has type 'unsigned __int64'
  c:\users\grofc\onedrive\desktop\pks 2\pks\pks z2\pks z2\source.c(890): note: consider using '%lld' in the format string
  c:\users\grofc\onedrive\desktop\pks 2\pks\pks z2\pks z2\source.c(890): note: consider using '%I64d' in the format string
c:\users\grofc\onedrive\desktop\pks 2\pks\pks z2\pks z2\source.c(891): warning C4267: 'function': conversion from 'size_t' to 'unsigned char', possible loss of data
c:\users\grofc\onedrive\desktop\pks 2\pks\pks z2\pks z2\source.c(906): warning C4018: '<=': signed/unsigned mismatch
c:\users\grofc\onedrive\desktop\pks 2\pks\pks z2\pks z2\source.c(911): warning C4267: 'function': conversion from 'size_t' to 'unsigned char', possible loss of data
c:\users\grofc\onedrive\desktop\pks 2\pks\pks z2\pks z2\source.c(914): warning C4244: 'function': conversion from 'unsigned __int64' to 'unsigned long', possible loss of data
c:\users\grofc\onedrive\desktop\pks 2\pks\pks z2\pks z2\source.c(914): warning C4477: 'printf' : format string '%d' requires an argument of type 'int', but variadic argument 1 has type 'unsigned __int64'
  c:\users\grofc\onedrive\desktop\pks 2\pks\pks z2\pks z2\source.c(914): note: consider using '%lld' in the format string
  c:\users\grofc\onedrive\desktop\pks 2\pks\pks z2\pks z2\source.c(914): note: consider using '%I64d' in the format string
c:\users\grofc\onedrive\desktop\pks 2\pks\pks z2\pks z2\source.c(947): warning C4267: 'function': conversion from 'size_t' to 'unsigned char', possible loss of data
c:\users\grofc\onedrive\desktop\pks 2\pks\pks z2\pks z2\source.c(974): warning C4018: '<=': signed/unsigned mismatch
c:\users\grofc\onedrive\desktop\pks 2\pks\pks z2\pks z2\source.c(981): warning C4267: 'function': conversion from 'size_t' to 'unsigned char', possible loss of data
c:\users\grofc\onedrive\desktop\pks 2\pks\pks z2\pks z2\source.c(985): warning C4244: 'function': conversion from 'unsigned __int64' to 'unsigned long', possible loss of data
c:\users\grofc\onedrive\desktop\pks 2\pks\pks z2\pks z2\source.c(985): warning C4477: 'printf' : format string '%d' requires an argument of type 'int', but variadic argument 1 has type 'unsigned __int64'
  c:\users\grofc\onedrive\desktop\pks 2\pks\pks z2\pks z2\source.c(985): note: consider using '%lld' in the format string
  c:\users\grofc\onedrive\desktop\pks 2\pks\pks z2\pks z2\source.c(985): note: consider using '%I64d' in the format string
c:\users\grofc\onedrive\desktop\pks 2\pks\pks z2\pks z2\source.c(996): warning C4098: 'client': 'void' function returning a value
c:\users\grofc\onedrive\desktop\pks 2\pks\pks z2\pks z2\source.c(1013): warning C4267: 'function': conversion from 'size_t' to 'unsigned char', possible loss of data
c:\users\grofc\onedrive\desktop\pks 2\pks\pks z2\pks z2\source.c(1016): warning C4244: 'function': conversion from 'unsigned __int64' to 'unsigned long', possible loss of data
c:\users\grofc\onedrive\desktop\pks 2\pks\pks z2\pks z2\source.c(1016): warning C4477: 'printf' : format string '%d' requires an argument of type 'int', but variadic argument 1 has type 'unsigned __int64'
  c:\users\grofc\onedrive\desktop\pks 2\pks\pks z2\pks z2\source.c(1016): note: consider using '%lld' in the format string
  c:\users\grofc\onedrive\desktop\pks 2\pks\pks z2\pks z2\source.c(1016): note: consider using '%I64d' in the format string
c:\users\grofc\onedrive\desktop\pks 2\pks\pks z2\pks z2\source.c(1027): warning C4244: 'function': conversion from 'time_t' to 'unsigned int', possible loss of data
c:\users\grofc\onedrive\desktop\pks 2\pks\pks z2\pks z2\source.c(1052): warning C4267: 'function': conversion from 'size_t' to 'unsigned char', possible loss of data
c:\users\grofc\onedrive\desktop\pks 2\pks\pks z2\pks z2\source.c(1056): warning C4267: 'function': conversion from 'size_t' to 'unsigned char', possible loss of data
c:\users\grofc\onedrive\desktop\pks 2\pks\pks z2\pks z2\source.c(1152): warning C4477: 'printf' : format string '%ld' requires an argument of type 'long', but variadic argument 1 has type 'unsigned __int64'
  c:\users\grofc\onedrive\desktop\pks 2\pks\pks z2\pks z2\source.c(1152): note: consider using '%lld' in the format string
  c:\users\grofc\onedrive\desktop\pks 2\pks\pks z2\pks z2\source.c(1152): note: consider using '%I64d' in the format string
c:\users\grofc\onedrive\desktop\pks 2\pks\pks z2\pks z2\source.c(1153): warning C4267: 'function': conversion from 'size_t' to 'unsigned char', possible loss of data
c:\users\grofc\onedrive\desktop\pks 2\pks\pks z2\pks z2\source.c(1154): warning C4244: 'function': conversion from 'unsigned __int64' to 'unsigned long', possible loss of data
c:\users\grofc\onedrive\desktop\pks 2\pks\pks z2\pks z2\source.c(1154): warning C4477: 'printf' : format string '%ld' requires an argument of type 'long', but variadic argument 2 has type 'unsigned __int64'
  c:\users\grofc\onedrive\desktop\pks 2\pks\pks z2\pks z2\source.c(1154): note: consider using '%lld' in the format string
  c:\users\grofc\onedrive\desktop\pks 2\pks\pks z2\pks z2\source.c(1154): note: consider using '%I64d' in the format string
c:\users\grofc\onedrive\desktop\pks 2\pks\pks z2\pks z2\source.c(1155): warning C4244: 'function': conversion from 'unsigned __int64' to 'unsigned long', possible loss of data
c:\users\grofc\onedrive\desktop\pks 2\pks\pks z2\pks z2\source.c(1155): warning C4477: 'printf' : format string '%ld' requires an argument of type 'long', but variadic argument 2 has type 'unsigned __int64'
  c:\users\grofc\onedrive\desktop\pks 2\pks\pks z2\pks z2\source.c(1155): note: consider using '%lld' in the format string
  c:\users\grofc\onedrive\desktop\pks 2\pks\pks z2\pks z2\source.c(1155): note: consider using '%I64d' in the format string
c:\users\grofc\onedrive\desktop\pks 2\pks\pks z2\pks z2\source.c(1200): warning C4477: 'printf' : format string '%d' requires an argument of type 'int', but variadic argument 1 has type 'unsigned __int64'
  c:\users\grofc\onedrive\desktop\pks 2\pks\pks z2\pks z2\source.c(1200): note: consider using '%lld' in the format string
  c:\users\grofc\onedrive\desktop\pks 2\pks\pks z2\pks z2\source.c(1200): note: consider using '%I64d' in the format string
c:\users\grofc\onedrive\desktop\pks 2\pks\pks z2\pks z2\source.c(1201): warning C4244: 'function': conversion from 'unsigned __int64' to 'unsigned long', possible loss of data
c:\users\grofc\onedrive\desktop\pks 2\pks\pks z2\pks z2\source.c(1201): warning C4477: 'printf' : format string '%ld' requires an argument of type 'long', but variadic argument 1 has type 'unsigned __int64'
  c:\users\grofc\onedrive\desktop\pks 2\pks\pks z2\pks z2\source.c(1201): note: consider using '%lld' in the format string
  c:\users\grofc\onedrive\desktop\pks 2\pks\pks z2\pks z2\source.c(1201): note: consider using '%I64d' in the format string
c:\users\grofc\onedrive\desktop\pks 2\pks\pks z2\pks z2\source.c(1202): warning C4477: 'printf' : format string '%ld' requires an argument of type 'long', but variadic argument 1 has type 'unsigned __int64'
  c:\users\grofc\onedrive\desktop\pks 2\pks\pks z2\pks z2\source.c(1202): note: consider using '%lld' in the format string
  c:\users\grofc\onedrive\desktop\pks 2\pks\pks z2\pks z2\source.c(1202): note: consider using '%I64d' in the format string
c:\users\grofc\onedrive\desktop\pks 2\pks\pks z2\pks z2\source.c(1204): warning C4267: 'function': conversion from 'size_t' to 'unsigned char', possible loss of data
c:\users\grofc\onedrive\desktop\pks 2\pks\pks z2\pks z2\source.c(1231): warning C4477: 'printf' : format string '%ld' requires an argument of type 'long', but variadic argument 1 has type 'unsigned __int64'
  c:\users\grofc\onedrive\desktop\pks 2\pks\pks z2\pks z2\source.c(1231): note: consider using '%lld' in the format string
  c:\users\grofc\onedrive\desktop\pks 2\pks\pks z2\pks z2\source.c(1231): note: consider using '%I64d' in the format string
c:\users\grofc\onedrive\desktop\pks 2\pks\pks z2\pks z2\source.c(686): warning C4101: 'damaged': unreferenced local variable
  Generating code
  7 of 16 functions (43.8%) were compiled, the rest were copied from previous compilation.
    2 functions were new in current compilation
    1 functions had inline decision re-evaluated but remain unchanged
  Finished generating code
  PKS Z2.vcxproj -> C:\Users\grofc\OneDrive\Desktop\PKS 2\PKS\PKS Z2\Release\PKS Z2.exe
